<?xml version="1.0" encoding="UTF-8"?>
<!-- Generated by org.testng.reporters.JUnitReportReporter -->
<testsuite hostname="Anands-MacBook-Pro.local" failures="0" tests="1" name="salesforce.crm.qa.testcases.LoginPageTest" time="8.568" errors="0" timestamp="2025-01-23T08:20:45 EST" skipped="0">
  <testcase classname="salesforce.crm.qa.testcases.LoginPageTest" name="login" time="8.568"/>
</testsuite> <!-- salesforce.crm.qa.testcases.LoginPageTest -->
